<?xml version="1.0" encoding="UTF-8"?>
<!-- Generated by org.testng.reporters.JUnitReportReporter -->
<testsuite hostname="DESKTOP-BLM0KLK" failures="0" tests="1" name="com.amazon.qa.test.ValidateAmazonTestClass" time="43.540" errors="0" timestamp="2023-08-26T23:18:50 IST" skipped="0">
  <testcase classname="com.amazon.qa.test.ValidateAmazonTestClass" name="validateTestCase1" time="43.540"/>
  <system-out>
    <![CDATA[Assert Text Email or mobile phone number
Assert Text Password
Assert logged in username
Assert Text Samsung m32 128gb mobile]]>
  </system-out>
</testsuite> <!-- com.amazon.qa.test.ValidateAmazonTestClass -->
