<?xml version="1.0" encoding="UTF-8"?>
<!-- Generated by org.testng.reporters.JUnitReportReporter -->
<testsuite hostname="DESKTOP-BLM0KLK" failures="0" tests="3" name="com.amazon.qa.test.ValidateAmazonTestClass" time="90.503" errors="0" timestamp="2023-08-28T11:12:41 IST" skipped="0">
  <testcase classname="com.amazon.qa.test.ValidateAmazonTestClass" name="validateTestCase1" time="33.629">
    <system-out>
      <![CDATA[Assert Text Samsung m32 128gb mobile
price is greater than 10000]]>
    </system-out>
  </testcase> <!-- validateTestCase1 -->
  <testcase classname="com.amazon.qa.test.ValidateAmazonTestClass" name="validateTestCase2" time="25.259"/>
  <testcase classname="com.amazon.qa.test.ValidateAmazonTestClass" name="validateTestCase3" time="31.615"/>
  <system-out>
    <![CDATA[Assert Text Email or mobile phone number
Assert Text Password
Assert logged in username
Assert Text Samsung m32 128gb mobile
price is greater than 10000
Assert Text Email or mobile phone number
Assert Text Password
Assert logged in username
Assert Text Email or mobile phone number
Assert Text Password
Assert logged in username]]>
  </system-out>
</testsuite> <!-- com.amazon.qa.test.ValidateAmazonTestClass -->
