<?xml version="1.0" encoding="UTF-8"?>
<!-- Generated by org.testng.reporters.JUnitReportReporter -->
<testsuite hostname="LAPTOP-HL3AL6R5" failures="0" tests="1" name="com.amazon.qa.test.ValidateAmazonTestClass" time="29.085" errors="0" timestamp="2023-08-26T23:33:26 IST" skipped="0">
  <testcase classname="com.amazon.qa.test.ValidateAmazonTestClass" name="validateTestCase1" time="29.085">
    <system-out>
      <![CDATA[price is greater than 10000]]>
    </system-out>
  </testcase> <!-- validateTestCase1 -->
  <system-out>
    <![CDATA[Assert Text Email or mobile phone number
Assert Text Password
Assert logged in username
Assert Text Samsung m32 128gb mobile
price is greater than 10000]]>
  </system-out>
</testsuite> <!-- com.amazon.qa.test.ValidateAmazonTestClass -->
